SELECT type FROM animal; #09:12:59@rubyquest.db
SELECT type FROM animal; #09:13:40@rubyquest.db
SELECT * FROM animal; #09:14:56@rubyquest.db
SELECT * FROM animal
WHERE type='Sheep'; #09:16:33@rubyquest.db
SELECT * FROM animal
WHERE type="Sheep"; #09:16:52@rubyquest.db
SELECT * FROM animal
WHERE type="Sheep"; #09:16:53@rubyquest.db
SELECT * FROM animal
; #09:17:03@rubyquest.db
SELECT * FROM animal
WHERE type="Sheep"; #09:17:56@rubyquest.db
SELECT * FROM animal
; #09:18:34@rubyquest.db
SELECT * FROM animal
WHERE owner>1; #09:19:21@rubyquest.db
SELECT * FROM animal
WHERE owner>0; #09:19:26@rubyquest.db
SELECT * FROM quest
; #09:28:07@rubyquest.db
SELECT count(*) FROM quest
WHERE experience>3000; #09:29:19@rubyquest.db
SELECT * FROM person
; #09:30:57@rubyquest.db
SELECT * FROM person
WHERE gold>1800
; #09:31:20@rubyquest.db
SELECT * FROM person
WHERE gold<1850
; #09:32:21@rubyquest.db
SELECT * FROM person
WHERE gold>=1300
; #09:33:33@rubyquest.db
SELECT * FROM weapon
; #09:34:20@rubyquest.db
SELECT * FROM weapon
WHERE price<300
; #09:34:38@rubyquest.db
SELECT * FROM quest
; #09:35:36@rubyquest.db
SELECT * FROM quest
WHERE gold>experience
; #09:36:05@rubyquest.db
SELECT * FROM creature
; #09:36:51@rubyquest.db
SELECT * FROM creature
WHERE max_health>health
; #09:37:17@rubyquest.db
SELECT * FROM animal

; #09:38:44@rubyquest.db
SELECT * FROM animal

; #09:40:41@rubyquest.db
SELECT * FROM animal
WHERE NOT type='Sheep'
; #09:41:00@rubyquest.db
SELECT * FROM person
; #09:44:57@rubyquest.db
SELECT * FROM person
ORDER BY name ASC
; #09:46:06@rubyquest.db
SELECT * FROM city
ORDER BY name DESC
; #09:48:16@rubyquest.db
SELECT * FROM person
; #09:49:19@rubyquest.db
SELECT * FROM person
LIMIT 10
; #09:52:26@rubyquest.db
SELECT * FROM weapon
; #09:53:28@rubyquest.db
SELECT * FROM weapon

; #09:56:30@rubyquest.db
SELECT * FROM weapon
ORDER BY price
LIMIT 5


; #09:58:31@rubyquest.db
SELECT * FROM weapon
ORDER BY price
LIMIT 5


; #09:58:59@rubyquest.db
SELECT * FROM weapon
ORDER BY price ASC
LIMIT 5


; #09:59:30@rubyquest.db
SELECT * FROM weapon
ORDER BY price ASC
LIMIT 5


; #09:59:31@rubyquest.db
SELECT * FROM weapon
ORDER BY price DESC
LIMIT 5


; #09:59:37@rubyquest.db
SELECT * FROM weapon



; #09:59:59@rubyquest.db
SELECT * FROM weapon
ORDER BY attack
LIMIT 3


; #10:01:01@rubyquest.db
SELECT * FROM weapon
ORDER BY attack DESC
LIMIT 3


; #10:01:09@rubyquest.db
SELECT * FROM weapon


; #10:01:30@rubyquest.db
SELECT * FROM animal


; #10:02:02@rubyquest.db
SELECT type FROM animal


; #10:02:55@rubyquest.db
SELECT * FROM animal


; #10:03:02@rubyquest.db
SELECT COUNT(*) FROM animal


; #10:03:43@rubyquest.db
SELECT DISTINCT type FROM animal



; #10:05:14@rubyquest.db
SELECT * FROM npc



; #10:06:56@rubyquest.db
SELECT DISTINCT profession FROM npc



; #10:08:01@rubyquest.db
