SELECT * FROM npc
; #09:10:46@rubyquest.db
SELECT COUNT (*) FROM npc
; #09:11:39@rubyquest.db
SELECT COUNT (*) FROM animal
; #09:12:22@rubyquest.db
SELECT COUNT (*) FROM city

; #09:13:13@rubyquest.db
SELECT COUNT (*) FROM animal
WHERE type = 'Sheep'

; #09:14:06@rubyquest.db
SELECT COUNT (*) FROM animal


; #09:14:21@rubyquest.db
SELECT COUNT (*) FROM animal
WHERE type = 'Sea snake'

; #09:14:56@rubyquest.db
SELECT COUNT (*) FROM animal
WHERE type = 'Seasnake'

; #09:15:00@rubyquest.db
SELECT COUNT (*) FROM animal
WHERE type = 'Sea Snake'

; #09:15:05@rubyquest.db
SELECT * FROM animal


; #09:15:30@rubyquest.db
SELECT MIN(speed) FROM animal


; #09:18:35@rubyquest.db
SELECT MAX(speed) FROM animal


; #09:19:19@rubyquest.db
SELECT MIN(attack) FROM weapon


; #09:20:03@rubyquest.db
SELECT * FROM weapon


; #09:21:03@rubyquest.db
SELECT MAX(price) FROM weapon


; #09:21:18@rubyquest.db
